D:\MYENGINE\PROJECTFILES2\MYSOLARSYSTEM - COPY - COPY - COPY - COPY\DEBUG\MYSOLARSYSTEM.EXE
D:\MYENGINE\PROJECTFILES2\MYSOLARSYSTEM - COPY - COPY - COPY - COPY\DEBUG\MYSOLARSYSTEM.ILK
D:\MYENGINE\PROJECTFILES2\MYSOLARSYSTEM - COPY - COPY - COPY - COPY\DEBUG\MYSOLARSYSTEM.PDB
D:\MYENGINE\PROJECTFILES2\MYSOLARSYSTEM - COPY - COPY - COPY - COPY\MYSOLARSYSTEM\DEBUG\TEMP\ARCBALL.OBJ
D:\MYENGINE\PROJECTFILES2\MYSOLARSYSTEM - COPY - COPY - COPY - COPY\MYSOLARSYSTEM\DEBUG\TEMP\CAMERA.OBJ
D:\MYENGINE\PROJECTFILES2\MYSOLARSYSTEM - COPY - COPY - COPY - COPY\MYSOLARSYSTEM\DEBUG\TEMP\CTARGAIMAGE.OBJ
D:\MYENGINE\PROJECTFILES2\MYSOLARSYSTEM - COPY - COPY - COPY - COPY\MYSOLARSYSTEM\DEBUG\TEMP\LIGHT.OBJ
D:\MYENGINE\PROJECTFILES2\MYSOLARSYSTEM - COPY - COPY - COPY - COPY\MYSOLARSYSTEM\DEBUG\TEMP\MAIN.OBJ
D:\MYENGINE\PROJECTFILES2\MYSOLARSYSTEM - COPY - COPY - COPY - COPY\MYSOLARSYSTEM\DEBUG\TEMP\MATERIAL.OBJ
D:\MYENGINE\PROJECTFILES2\MYSOLARSYSTEM - COPY - COPY - COPY - COPY\MYSOLARSYSTEM\DEBUG\TEMP\MYGLWINDOW.OBJ
D:\MYENGINE\PROJECTFILES2\MYSOLARSYSTEM - COPY - COPY - COPY - COPY\MYSOLARSYSTEM\DEBUG\TEMP\MYSOLARSYSTEM.EXE.EMBED.MANIFEST
D:\MYENGINE\PROJECTFILES2\MYSOLARSYSTEM - COPY - COPY - COPY - COPY\MYSOLARSYSTEM\DEBUG\TEMP\MYSOLARSYSTEM.EXE.EMBED.MANIFEST.RES
D:\MYENGINE\PROJECTFILES2\MYSOLARSYSTEM - COPY - COPY - COPY - COPY\MYSOLARSYSTEM\DEBUG\TEMP\MYSOLARSYSTEM.EXE.INTERMEDIATE.MANIFEST
D:\MYENGINE\PROJECTFILES2\MYSOLARSYSTEM - COPY - COPY - COPY - COPY\MYSOLARSYSTEM\DEBUG\TEMP\PLANTE.OBJ
D:\MYENGINE\PROJECTFILES2\MYSOLARSYSTEM - COPY - COPY - COPY - COPY\MYSOLARSYSTEM\DEBUG\TEMP\SHADERREADER.OBJ
D:\MYENGINE\PROJECTFILES2\MYSOLARSYSTEM - COPY - COPY - COPY - COPY\MYSOLARSYSTEM\DEBUG\TEMP\TEXTUREREADER.OBJ
D:\MYENGINE\PROJECTFILES2\MYSOLARSYSTEM - COPY - COPY - COPY - COPY\MYSOLARSYSTEM\DEBUG\TEMP\VC100.PDB
D:\MYENGINE\PROJECTFILES2\MYSOLARSYSTEM\DEBUG\MYSOLARSYSTEM.EXE
D:\MYENGINE\PROJECTFILES2\MYSOLARSYSTEM\DEBUG\MYSOLARSYSTEM.ILK
D:\MYENGINE\PROJECTFILES2\MYSOLARSYSTEM\DEBUG\MYSOLARSYSTEM.PDB
D:\MYENGINE\PROJECTFILES2\MYSOLARSYSTEM\MYSOLARSYSTEM\DEBUG\TEMP\ARCBALL.OBJ
D:\MYENGINE\PROJECTFILES2\MYSOLARSYSTEM\MYSOLARSYSTEM\DEBUG\TEMP\CAMERA.OBJ
D:\MyEngine\ProjectFiles2\MySolarSystem\MySolarSystem\Debug\Temp\cl.command.1.tlog
D:\MyEngine\ProjectFiles2\MySolarSystem\MySolarSystem\Debug\Temp\CL.read.1.tlog
D:\MyEngine\ProjectFiles2\MySolarSystem\MySolarSystem\Debug\Temp\CL.write.1.tlog
D:\MYENGINE\PROJECTFILES2\MYSOLARSYSTEM\MYSOLARSYSTEM\DEBUG\TEMP\CTARGAIMAGE.OBJ
D:\MYENGINE\PROJECTFILES2\MYSOLARSYSTEM\MYSOLARSYSTEM\DEBUG\TEMP\LIGHT.OBJ
D:\MyEngine\ProjectFiles2\MySolarSystem\MySolarSystem\Debug\Temp\link.3552.read.1.tlog
D:\MyEngine\ProjectFiles2\MySolarSystem\MySolarSystem\Debug\Temp\link.3552.write.1.tlog
D:\MyEngine\ProjectFiles2\MySolarSystem\MySolarSystem\Debug\Temp\link.3552-cvtres.read.1.tlog
D:\MyEngine\ProjectFiles2\MySolarSystem\MySolarSystem\Debug\Temp\link.3552-cvtres.write.1.tlog
D:\MyEngine\ProjectFiles2\MySolarSystem\MySolarSystem\Debug\Temp\link.7836.read.1.tlog
D:\MyEngine\ProjectFiles2\MySolarSystem\MySolarSystem\Debug\Temp\link.7836.write.1.tlog
D:\MyEngine\ProjectFiles2\MySolarSystem\MySolarSystem\Debug\Temp\link.7836-cvtres.read.1.tlog
D:\MyEngine\ProjectFiles2\MySolarSystem\MySolarSystem\Debug\Temp\link.7836-cvtres.write.1.tlog
D:\MyEngine\ProjectFiles2\MySolarSystem\MySolarSystem\Debug\Temp\link.7912.read.1.tlog
D:\MyEngine\ProjectFiles2\MySolarSystem\MySolarSystem\Debug\Temp\link.7912.write.1.tlog
D:\MyEngine\ProjectFiles2\MySolarSystem\MySolarSystem\Debug\Temp\link.7912-cvtres.read.1.tlog
D:\MyEngine\ProjectFiles2\MySolarSystem\MySolarSystem\Debug\Temp\link.7912-cvtres.write.1.tlog
D:\MyEngine\ProjectFiles2\MySolarSystem\MySolarSystem\Debug\Temp\link.8408.read.1.tlog
D:\MyEngine\ProjectFiles2\MySolarSystem\MySolarSystem\Debug\Temp\link.8408.write.1.tlog
D:\MyEngine\ProjectFiles2\MySolarSystem\MySolarSystem\Debug\Temp\link.8408-cvtres.read.1.tlog
D:\MyEngine\ProjectFiles2\MySolarSystem\MySolarSystem\Debug\Temp\link.8408-cvtres.write.1.tlog
D:\MyEngine\ProjectFiles2\MySolarSystem\MySolarSystem\Debug\Temp\link.command.1.tlog
D:\MyEngine\ProjectFiles2\MySolarSystem\MySolarSystem\Debug\Temp\link.read.1.tlog
D:\MyEngine\ProjectFiles2\MySolarSystem\MySolarSystem\Debug\Temp\link.write.1.tlog
D:\MyEngine\ProjectFiles2\MySolarSystem\MySolarSystem\Debug\Temp\link-cvtres.read.1.tlog
D:\MyEngine\ProjectFiles2\MySolarSystem\MySolarSystem\Debug\Temp\link-cvtres.write.1.tlog
D:\MYENGINE\PROJECTFILES2\MYSOLARSYSTEM\MYSOLARSYSTEM\DEBUG\TEMP\MAIN.OBJ
D:\MYENGINE\PROJECTFILES2\MYSOLARSYSTEM\MYSOLARSYSTEM\DEBUG\TEMP\MATERIAL.OBJ
D:\MyEngine\ProjectFiles2\MySolarSystem\MySolarSystem\Debug\Temp\mt.command.1.tlog
D:\MyEngine\ProjectFiles2\MySolarSystem\MySolarSystem\Debug\Temp\mt.read.1.tlog
D:\MyEngine\ProjectFiles2\MySolarSystem\MySolarSystem\Debug\Temp\mt.write.1.tlog
D:\MYENGINE\PROJECTFILES2\MYSOLARSYSTEM\MYSOLARSYSTEM\DEBUG\TEMP\MYGLWINDOW.OBJ
D:\MyEngine\ProjectFiles2\MySolarSystem\MySolarSystem\Debug\Temp\MySolarSystem.exe.embed.manifest
D:\MYENGINE\PROJECTFILES2\MYSOLARSYSTEM\MYSOLARSYSTEM\DEBUG\TEMP\MYSOLARSYSTEM.EXE.EMBED.MANIFEST.RES
D:\MYENGINE\PROJECTFILES2\MYSOLARSYSTEM\MYSOLARSYSTEM\DEBUG\TEMP\MYSOLARSYSTEM.EXE.INTERMEDIATE.MANIFEST
D:\MyEngine\ProjectFiles2\MySolarSystem\MySolarSystem\Debug\Temp\MySolarSystem.write.1.tlog
D:\MyEngine\ProjectFiles2\MySolarSystem\MySolarSystem\Debug\Temp\MySolarSystem_manifest.rc
D:\MYENGINE\PROJECTFILES2\MYSOLARSYSTEM\MYSOLARSYSTEM\DEBUG\TEMP\PLANTE.OBJ
D:\MyEngine\ProjectFiles2\MySolarSystem\MySolarSystem\Debug\Temp\rc.command.1.tlog
D:\MyEngine\ProjectFiles2\MySolarSystem\MySolarSystem\Debug\Temp\rc.read.1.tlog
D:\MyEngine\ProjectFiles2\MySolarSystem\MySolarSystem\Debug\Temp\rc.write.1.tlog
D:\MYENGINE\PROJECTFILES2\MYSOLARSYSTEM\MYSOLARSYSTEM\DEBUG\TEMP\SHADERREADER.OBJ
D:\MYENGINE\PROJECTFILES2\MYSOLARSYSTEM\MYSOLARSYSTEM\DEBUG\TEMP\TEXTUREREADER.OBJ
D:\MyEngine\ProjectFiles2\MySolarSystem\MySolarSystem\Debug\Temp\vc100.idb
D:\MYENGINE\PROJECTFILES2\MYSOLARSYSTEM\MYSOLARSYSTEM\DEBUG\TEMP\VC100.PDB
